# JRE version: Java(TM) SE Runtime Environment (8.0_31-b13) (build 1.8.0_31-b13)
# Java VM: Java HotSpot(TM) 64-Bit Server VM (25.31-b07 mixed mode bsd-amd64 compressed oops)
Heap:
 PSYoungGen      total 222720K, used 204361K [0x000000076ab00000, 0x000000077f680000, 0x00000007c0000000)
  eden space 141312K, 97% used [0x000000076ab00000,0x000000077322f960,0x0000000773500000)
  from space 81408K, 80% used [0x0000000778c80000,0x000000077cce2e68,0x000000077dc00000)
  to   space 89600K, 0% used [0x0000000773500000,0x0000000773500000,0x0000000778c80000)
 ParOldGen       total 286208K, used 154222K [0x00000006c0000000, 0x00000006d1780000, 0x000000076ab00000)
  object space 286208K, 53% used [0x00000006c0000000,0x00000006c969b9b8,0x00000006d1780000)
 Metaspace       used 20465K, capacity 21822K, committed 21888K, reserved 1069056K
  class space    used 2933K, capacity 3178K, committed 3200K, reserved 1048576K
GC Heap History (10 events):
Event: 2.981 GC heap before
{Heap before GC invocations=4 (full 1):
 PSYoungGen      total 76288K, used 65536K [0x000000076ab00000, 0x0000000774000000, 0x00000007c0000000)
  eden space 65536K, 100% used [0x000000076ab00000,0x000000076eb00000,0x000000076eb00000)
  from space 10752K, 0% used [0x000000076f580000,0x000000076f580000,0x0000000770000000)
  to   space 10752K, 0% used [0x000000076eb00000,0x000000076eb00000,0x000000076f580000)
 ParOldGen       total 125440K, used 24612K [0x00000006c0000000, 0x00000006c7a80000, 0x000000076ab00000)
  object space 125440K, 19% used [0x00000006c0000000,0x00000006c1809140,0x00000006c7a80000)
 Metaspace       used 19954K, capacity 21192K, committed 21296K, reserved 1067008K
  class space    used 2898K, capacity 3155K, committed 3200K, reserved 1048576K
Event: 3.003 GC heap after
Heap after GC invocations=4 (full 1):
 PSYoungGen      total 76288K, used 10743K [0x000000076ab00000, 0x0000000772f00000, 0x00000007c0000000)
  eden space 65536K, 0% used [0x000000076ab00000,0x000000076ab00000,0x000000076eb00000)
  from space 10752K, 99% used [0x000000076eb00000,0x000000076f57de70,0x000000076f580000)
  to   space 10752K, 0% used [0x0000000772480000,0x0000000772480000,0x0000000772f00000)
 ParOldGen       total 125440K, used 53124K [0x00000006c0000000, 0x00000006c7a80000, 0x000000076ab00000)
  object space 125440K, 42% used [0x00000006c0000000,0x00000006c33e1140,0x00000006c7a80000)
 Metaspace       used 19954K, capacity 21192K, committed 21296K, reserved 1067008K
  class space    used 2898K, capacity 3155K, committed 3200K, reserved 1048576K
}
Event: 3.219 GC heap before
{Heap before GC invocations=5 (full 1):
 PSYoungGen      total 76288K, used 76279K [0x000000076ab00000, 0x0000000772f00000, 0x00000007c0000000)
  eden space 65536K, 100% used [0x000000076ab00000,0x000000076eb00000,0x000000076eb00000)
  from space 10752K, 99% used [0x000000076eb00000,0x000000076f57de70,0x000000076f580000)
  to   space 10752K, 0% used [0x0000000772480000,0x0000000772480000,0x0000000772f00000)
 ParOldGen       total 125440K, used 53124K [0x00000006c0000000, 0x00000006c7a80000, 0x000000076ab00000)
  object space 125440K, 42% used [0x00000006c0000000,0x00000006c33e1140,0x00000006c7a80000)
 Metaspace       used 19954K, capacity 21192K, committed 21296K, reserved 1067008K
  class space    used 2898K, capacity 3155K, committed 3200K, reserved 1048576K
Event: 3.250 GC heap after
Heap after GC invocations=5 (full 1):
 PSYoungGen      total 124416K, used 10750K [0x000000076ab00000, 0x0000000773080000, 0x00000007c0000000)
  eden space 113664K, 0% used [0x000000076ab00000,0x000000076ab00000,0x0000000771a00000)
  from space 10752K, 99% used [0x0000000772480000,0x0000000772eff850,0x0000000772f00000)
  to   space 10752K, 0% used [0x0000000771a00000,0x0000000771a00000,0x0000000772480000)
 ParOldGen       total 125440K, used 93156K [0x00000006c0000000, 0x00000006c7a80000, 0x000000076ab00000)
  object space 125440K, 74% used [0x00000006c0000000,0x00000006c5af9170,0x00000006c7a80000)
 Metaspace       used 19954K, capacity 21192K, committed 21296K, reserved 1067008K
  class space    used 2898K, capacity 3155K, committed 3200K, reserved 1048576K
}
Event: 3.250 GC heap before
{Heap before GC invocations=6 (full 2):
 PSYoungGen      total 124416K, used 10750K [0x000000076ab00000, 0x0000000773080000, 0x00000007c0000000)
  eden space 113664K, 0% used [0x000000076ab00000,0x000000076ab00000,0x0000000771a00000)
  from space 10752K, 99% used [0x0000000772480000,0x0000000772eff850,0x0000000772f00000)
  to   space 10752K, 0% used [0x0000000771a00000,0x0000000771a00000,0x0000000772480000)
 ParOldGen       total 125440K, used 93156K [0x00000006c0000000, 0x00000006c7a80000, 0x000000076ab00000)
  object space 125440K, 74% used [0x00000006c0000000,0x00000006c5af9170,0x00000006c7a80000)
 Metaspace       used 19954K, capacity 21192K, committed 21296K, reserved 1067008K
  class space    used 2898K, capacity 3155K, committed 3200K, reserved 1048576K
Event: 3.459 GC heap after
Heap after GC invocations=6 (full 2):
 PSYoungGen      total 124416K, used 0K [0x000000076ab00000, 0x0000000773080000, 0x00000007c0000000)
  eden space 113664K, 0% used [0x000000076ab00000,0x000000076ab00000,0x0000000771a00000)
  from space 10752K, 0% used [0x0000000772480000,0x0000000772480000,0x0000000772f00000)
  to   space 10752K, 0% used [0x0000000771a00000,0x0000000771a00000,0x0000000772480000)
 ParOldGen       total 286208K, used 94206K [0x00000006c0000000, 0x00000006d1780000, 0x000000076ab00000)
  object space 286208K, 32% used [0x00000006c0000000,0x00000006c5bff9b8,0x00000006d1780000)
 Metaspace       used 19954K, capacity 21192K, committed 21296K, reserved 1067008K
  class space    used 2898K, capacity 3155K, committed 3200K, reserved 1048576K
}
Event: 3.788 GC heap before
{Heap before GC invocations=7 (full 2):
 PSYoungGen      total 124416K, used 113664K [0x000000076ab00000, 0x0000000773080000, 0x00000007c0000000)
  eden space 113664K, 100% used [0x000000076ab00000,0x0000000771a00000,0x0000000771a00000)
  from space 10752K, 0% used [0x0000000772480000,0x0000000772480000,0x0000000772f00000)
  to   space 10752K, 0% used [0x0000000771a00000,0x0000000771a00000,0x0000000772480000)
 ParOldGen       total 286208K, used 94206K [0x00000006c0000000, 0x00000006d1780000, 0x000000076ab00000)
  object space 286208K, 32% used [0x00000006c0000000,0x00000006c5bff9b8,0x00000006d1780000)
 Metaspace       used 19955K, capacity 21256K, committed 21552K, reserved 1067008K
  class space    used 2899K, capacity 3155K, committed 3200K, reserved 1048576K
Event: 3.830 GC heap after
Heap after GC invocations=7 (full 2):
 PSYoungGen      total 124416K, used 10730K [0x000000076ab00000, 0x000000077dc00000, 0x00000007c0000000)
  eden space 113664K, 0% used [0x000000076ab00000,0x000000076ab00000,0x0000000771a00000)
  from space 10752K, 99% used [0x0000000771a00000,0x000000077247ab00,0x0000000772480000)
  to   space 81408K, 0% used [0x0000000778c80000,0x0000000778c80000,0x000000077dc00000)
 ParOldGen       total 286208K, used 154222K [0x00000006c0000000, 0x00000006d1780000, 0x000000076ab00000)
  object space 286208K, 53% used [0x00000006c0000000,0x00000006c969b9b8,0x00000006d1780000)
 Metaspace       used 19955K, capacity 21256K, committed 21552K, reserved 1067008K
  class space    used 2899K, capacity 3155K, committed 3200K, reserved 1048576K
}
Event: 3.926 GC heap before
{Heap before GC invocations=8 (full 2):
 PSYoungGen      total 124416K, used 124394K [0x000000076ab00000, 0x000000077dc00000, 0x00000007c0000000)
  eden space 113664K, 100% used [0x000000076ab00000,0x0000000771a00000,0x0000000771a00000)
  from space 10752K, 99% used [0x0000000771a00000,0x000000077247ab00,0x0000000772480000)
  to   space 81408K, 0% used [0x0000000778c80000,0x0000000778c80000,0x000000077dc00000)
 ParOldGen       total 286208K, used 154222K [0x00000006c0000000, 0x00000006d1780000, 0x000000076ab00000)
  object space 286208K, 53% used [0x00000006c0000000,0x00000006c969b9b8,0x00000006d1780000)
 Metaspace       used 19955K, capacity 21256K, committed 21552K, reserved 1067008K
  class space    used 2899K, capacity 3155K, committed 3200K, reserved 1048576K
Event: 3.962 GC heap after
Heap after GC invocations=8 (full 2):
 PSYoungGen      total 222720K, used 65931K [0x000000076ab00000, 0x000000077f680000, 0x00000007c0000000)
  eden space 141312K, 0% used [0x000000076ab00000,0x000000076ab00000,0x0000000773500000)
  from space 81408K, 80% used [0x0000000778c80000,0x000000077cce2e68,0x000000077dc00000)
  to   space 89600K, 0% used [0x0000000773500000,0x0000000773500000,0x0000000778c80000)
 ParOldGen       total 286208K, used 154222K [0x00000006c0000000, 0x00000006d1780000, 0x000000076ab00000)
  object space 286208K, 53% used [0x00000006c0000000,0x00000006c969b9b8,0x00000006d1780000)
 Metaspace       used 19955K, capacity 21256K, committed 21552K, reserved 1067008K
  class space    used 2899K, capacity 3155K, committed 3200K, reserved 1048576K
}

