# JRE version: Java(TM) SE Runtime Environment (8.0_31-b13) (build 1.8.0_31-b13)
# Java VM: Java HotSpot(TM) 64-Bit Server VM (25.31-b07 mixed mode bsd-amd64 compressed oops)
Heap:
 PSYoungGen      total 327680K, used 117407K [0x000000076ab00000, 0x0000000784c00000, 0x00000007c0000000)
  eden space 245760K, 19% used [0x000000076ab00000,0x000000076d8ef210,0x0000000779b00000)
  from space 81920K, 85% used [0x000000077fb00000,0x0000000783fb8a38,0x0000000784b00000)
  to   space 90624K, 0% used [0x0000000779b00000,0x0000000779b00000,0x000000077f380000)
 ParOldGen       total 249344K, used 105540K [0x00000006c0000000, 0x00000006cf380000, 0x000000076ab00000)
  object space 249344K, 42% used [0x00000006c0000000,0x00000006c67113c8,0x00000006cf380000)
 Metaspace       used 20955K, capacity 22330K, committed 22528K, reserved 1069056K
  class space    used 2954K, capacity 3214K, committed 3328K, reserved 1048576K
GC Heap History (10 events):
Event: 11.109 GC heap before
{Heap before GC invocations=3 (full 0):
 PSYoungGen      total 76288K, used 76281K [0x000000076ab00000, 0x0000000774000000, 0x00000007c0000000)
  eden space 65536K, 100% used [0x000000076ab00000,0x000000076eb00000,0x000000076eb00000)
  from space 10752K, 99% used [0x000000076f580000,0x000000076fffe5d8,0x0000000770000000)
  to   space 10752K, 0% used [0x000000076eb00000,0x000000076eb00000,0x000000076f580000)
 ParOldGen       total 175104K, used 39870K [0x00000006c0000000, 0x00000006cab00000, 0x000000076ab00000)
  object space 175104K, 22% used [0x00000006c0000000,0x00000006c26ef828,0x00000006cab00000)
 Metaspace       used 19849K, capacity 21122K, committed 21296K, reserved 1067008K
  class space    used 2900K, capacity 3156K, committed 3200K, reserved 1048576K
Event: 11.137 GC heap after
Heap after GC invocations=3 (full 0):
 PSYoungGen      total 76288K, used 10737K [0x000000076ab00000, 0x0000000774000000, 0x00000007c0000000)
  eden space 65536K, 0% used [0x000000076ab00000,0x000000076ab00000,0x000000076eb00000)
  from space 10752K, 99% used [0x000000076eb00000,0x000000076f57c720,0x000000076f580000)
  to   space 10752K, 0% used [0x0000000773580000,0x0000000773580000,0x0000000774000000)
 ParOldGen       total 175104K, used 77286K [0x00000006c0000000, 0x00000006cab00000, 0x000000076ab00000)
  object space 175104K, 44% used [0x00000006c0000000,0x00000006c4b79858,0x00000006cab00000)
 Metaspace       used 19849K, capacity 21122K, committed 21296K, reserved 1067008K
  class space    used 2900K, capacity 3156K, committed 3200K, reserved 1048576K
}
Event: 11.172 GC heap before
{Heap before GC invocations=4 (full 0):
 PSYoungGen      total 76288K, used 76273K [0x000000076ab00000, 0x0000000774000000, 0x00000007c0000000)
  eden space 65536K, 100% used [0x000000076ab00000,0x000000076eb00000,0x000000076eb00000)
  from space 10752K, 99% used [0x000000076eb00000,0x000000076f57c720,0x000000076f580000)
  to   space 10752K, 0% used [0x0000000773580000,0x0000000773580000,0x0000000774000000)
 ParOldGen       total 175104K, used 77286K [0x00000006c0000000, 0x00000006cab00000, 0x000000076ab00000)
  object space 175104K, 44% used [0x00000006c0000000,0x00000006c4b79858,0x00000006cab00000)
 Metaspace       used 19849K, capacity 21122K, committed 21296K, reserved 1067008K
  class space    used 2900K, capacity 3156K, committed 3200K, reserved 1048576K
Event: 11.198 GC heap after
Heap after GC invocations=4 (full 0):
 PSYoungGen      total 141824K, used 10746K [0x000000076ab00000, 0x0000000774000000, 0x00000007c0000000)
  eden space 131072K, 0% used [0x000000076ab00000,0x000000076ab00000,0x0000000772b00000)
  from space 10752K, 99% used [0x0000000773580000,0x0000000773ffe920,0x0000000774000000)
  to   space 10752K, 0% used [0x0000000772b00000,0x0000000772b00000,0x0000000773580000)
 ParOldGen       total 175104K, used 109094K [0x00000006c0000000, 0x00000006cab00000, 0x000000076ab00000)
  object space 175104K, 62% used [0x00000006c0000000,0x00000006c6a89858,0x00000006cab00000)
 Metaspace       used 19849K, capacity 21122K, committed 21296K, reserved 1067008K
  class space    used 2900K, capacity 3156K, committed 3200K, reserved 1048576K
}
Event: 11.400 GC heap before
{Heap before GC invocations=5 (full 0):
 PSYoungGen      total 141824K, used 141818K [0x000000076ab00000, 0x0000000774000000, 0x00000007c0000000)
  eden space 131072K, 100% used [0x000000076ab00000,0x0000000772b00000,0x0000000772b00000)
  from space 10752K, 99% used [0x0000000773580000,0x0000000773ffe920,0x0000000774000000)
  to   space 10752K, 0% used [0x0000000772b00000,0x0000000772b00000,0x0000000773580000)
 ParOldGen       total 175104K, used 109094K [0x00000006c0000000, 0x00000006cab00000, 0x000000076ab00000)
  object space 175104K, 62% used [0x00000006c0000000,0x00000006c6a89858,0x00000006cab00000)
 Metaspace       used 19863K, capacity 21122K, committed 21296K, reserved 1067008K
  class space    used 2901K, capacity 3156K, committed 3200K, reserved 1048576K
Event: 11.447 GC heap after
Heap after GC invocations=5 (full 0):
 PSYoungGen      total 141824K, used 10747K [0x000000076ab00000, 0x0000000784b00000, 0x00000007c0000000)
  eden space 131072K, 0% used [0x000000076ab00000,0x000000076ab00000,0x0000000772b00000)
  from space 10752K, 99% used [0x0000000772b00000,0x000000077357eca8,0x0000000773580000)
  to   space 81920K, 0% used [0x000000077fb00000,0x000000077fb00000,0x0000000784b00000)
 ParOldGen       total 175104K, used 172438K [0x00000006c0000000, 0x00000006cab00000, 0x000000076ab00000)
  object space 175104K, 98% used [0x00000006c0000000,0x00000006ca8658b8,0x00000006cab00000)
 Metaspace       used 19863K, capacity 21122K, committed 21296K, reserved 1067008K
  class space    used 2901K, capacity 3156K, committed 3200K, reserved 1048576K
}
Event: 11.447 GC heap before
{Heap before GC invocations=6 (full 1):
 PSYoungGen      total 141824K, used 10747K [0x000000076ab00000, 0x0000000784b00000, 0x00000007c0000000)
  eden space 131072K, 0% used [0x000000076ab00000,0x000000076ab00000,0x0000000772b00000)
  from space 10752K, 99% used [0x0000000772b00000,0x000000077357eca8,0x0000000773580000)
  to   space 81920K, 0% used [0x000000077fb00000,0x000000077fb00000,0x0000000784b00000)
 ParOldGen       total 175104K, used 172438K [0x00000006c0000000, 0x00000006cab00000, 0x000000076ab00000)
  object space 175104K, 98% used [0x00000006c0000000,0x00000006ca8658b8,0x00000006cab00000)
 Metaspace       used 19863K, capacity 21122K, committed 21296K, reserved 1067008K
  class space    used 2901K, capacity 3156K, committed 3200K, reserved 1048576K
Event: 11.685 GC heap after
Heap after GC invocations=6 (full 1):
 PSYoungGen      total 141824K, used 0K [0x000000076ab00000, 0x0000000784b00000, 0x00000007c0000000)
  eden space 131072K, 0% used [0x000000076ab00000,0x000000076ab00000,0x0000000772b00000)
  from space 10752K, 0% used [0x0000000772b00000,0x0000000772b00000,0x0000000773580000)
  to   space 81920K, 0% used [0x000000077fb00000,0x000000077fb00000,0x0000000784b00000)
 ParOldGen       total 249344K, used 105532K [0x00000006c0000000, 0x00000006cf380000, 0x000000076ab00000)
  object space 249344K, 42% used [0x00000006c0000000,0x00000006c670f3c8,0x00000006cf380000)
 Metaspace       used 19861K, capacity 21120K, committed 21296K, reserved 1067008K
  class space    used 2900K, capacity 3155K, committed 3200K, reserved 1048576K
}
Event: 13.832 GC heap before
{Heap before GC invocations=7 (full 1):
 PSYoungGen      total 141824K, used 131072K [0x000000076ab00000, 0x0000000784b00000, 0x00000007c0000000)
  eden space 131072K, 100% used [0x000000076ab00000,0x0000000772b00000,0x0000000772b00000)
  from space 10752K, 0% used [0x0000000772b00000,0x0000000772b00000,0x0000000773580000)
  to   space 81920K, 0% used [0x000000077fb00000,0x000000077fb00000,0x0000000784b00000)
 ParOldGen       total 249344K, used 105532K [0x00000006c0000000, 0x00000006cf380000, 0x000000076ab00000)
  object space 249344K, 42% used [0x00000006c0000000,0x00000006c670f3c8,0x00000006cf380000)
 Metaspace       used 20573K, capacity 21886K, committed 22272K, reserved 1069056K
  class space    used 2938K, capacity 3204K, committed 3328K, reserved 1048576K
Event: 13.872 GC heap after
Heap after GC invocations=7 (full 1):
 PSYoungGen      total 327680K, used 70370K [0x000000076ab00000, 0x0000000784c00000, 0x00000007c0000000)
  eden space 245760K, 0% used [0x000000076ab00000,0x000000076ab00000,0x0000000779b00000)
  from space 81920K, 85% used [0x000000077fb00000,0x0000000783fb8a38,0x0000000784b00000)
  to   space 90624K, 0% used [0x0000000779b00000,0x0000000779b00000,0x000000077f380000)
 ParOldGen       total 249344K, used 105540K [0x00000006c0000000, 0x00000006cf380000, 0x000000076ab00000)
  object space 249344K, 42% used [0x00000006c0000000,0x00000006c67113c8,0x00000006cf380000)
 Metaspace       used 20573K, capacity 21886K, committed 22272K, reserved 1069056K
  class space    used 2938K, capacity 3204K, committed 3328K, reserved 1048576K
}

