# JRE version: Java(TM) SE Runtime Environment (8.0_31-b13) (build 1.8.0_31-b13)
# Java VM: Java HotSpot(TM) 64-Bit Server VM (25.31-b07 mixed mode bsd-amd64 compressed oops)
Heap:
 PSYoungGen      total 480768K, used 130250K [0x000000076ab00000, 0x000000078e800000, 0x00000007c0000000)
  eden space 407552K, 19% used [0x000000076ab00000,0x000000076f71ce80,0x0000000783900000)
  from space 73216K, 71% used [0x000000078a080000,0x000000078d395b08,0x000000078e800000)
  to   space 89600K, 0% used [0x0000000783900000,0x0000000783900000,0x0000000789080000)
 ParOldGen       total 332800K, used 186329K [0x00000006c0000000, 0x00000006d4500000, 0x000000076ab00000)
  object space 332800K, 55% used [0x00000006c0000000,0x00000006cb5f66b0,0x00000006d4500000)
 Metaspace       used 21876K, capacity 23226K, committed 23552K, reserved 1069056K
  class space    used 2980K, capacity 3226K, committed 3328K, reserved 1048576K
GC Heap History (10 events):
Event: 5.537 GC heap before
{Heap before GC invocations=7 (full 1):
 PSYoungGen      total 141824K, used 131072K [0x000000076ab00000, 0x0000000785600000, 0x00000007c0000000)
  eden space 131072K, 100% used [0x000000076ab00000,0x0000000772b00000,0x0000000772b00000)
  from space 10752K, 0% used [0x0000000772b00000,0x0000000772b00000,0x0000000773580000)
  to   space 87552K, 0% used [0x0000000780080000,0x0000000780080000,0x0000000785600000)
 ParOldGen       total 332800K, used 169346K [0x00000006c0000000, 0x00000006d4500000, 0x000000076ab00000)
  object space 332800K, 50% used [0x00000006c0000000,0x00000006ca560ba8,0x00000006d4500000)
 Metaspace       used 20533K, capacity 21822K, committed 22016K, reserved 1069056K
  class space    used 2941K, capacity 3204K, committed 3328K, reserved 1048576K
Event: 5.573 GC heap after
Heap after GC invocations=7 (full 1):
 PSYoungGen      total 277504K, used 65441K [0x000000076ab00000, 0x0000000784080000, 0x00000007c0000000)
  eden space 211968K, 0% used [0x000000076ab00000,0x000000076ab00000,0x0000000777a00000)
  from space 65536K, 99% used [0x0000000780080000,0x00000007840686d0,0x0000000784080000)
  to   space 91136K, 0% used [0x0000000778e80000,0x0000000778e80000,0x000000077e780000)
 ParOldGen       total 332800K, used 169354K [0x00000006c0000000, 0x00000006d4500000, 0x000000076ab00000)
  object space 332800K, 50% used [0x00000006c0000000,0x00000006ca562ba8,0x00000006d4500000)
 Metaspace       used 20533K, capacity 21822K, committed 22016K, reserved 1069056K
  class space    used 2941K, capacity 3204K, committed 3328K, reserved 1048576K
}
Event: 7.803 GC heap before
{Heap before GC invocations=8 (full 1):
 PSYoungGen      total 277504K, used 277409K [0x000000076ab00000, 0x0000000784080000, 0x00000007c0000000)
  eden space 211968K, 100% used [0x000000076ab00000,0x0000000777a00000,0x0000000777a00000)
  from space 65536K, 99% used [0x0000000780080000,0x00000007840686d0,0x0000000784080000)
  to   space 91136K, 0% used [0x0000000778e80000,0x0000000778e80000,0x000000077e780000)
 ParOldGen       total 332800K, used 169354K [0x00000006c0000000, 0x00000006d4500000, 0x000000076ab00000)
  object space 332800K, 50% used [0x00000006c0000000,0x00000006ca562ba8,0x00000006d4500000)
 Metaspace       used 21262K, capacity 22566K, committed 22784K, reserved 1069056K
  class space    used 2951K, capacity 3210K, committed 3328K, reserved 1048576K
Event: 7.831 GC heap after
Heap after GC invocations=8 (full 1):
 PSYoungGen      total 324096K, used 48762K [0x000000076ab00000, 0x0000000789480000, 0x00000007c0000000)
  eden space 232960K, 0% used [0x000000076ab00000,0x000000076ab00000,0x0000000778e80000)
  from space 91136K, 53% used [0x0000000778e80000,0x000000077be1e888,0x000000077e780000)
  to   space 86016K, 0% used [0x0000000784080000,0x0000000784080000,0x0000000789480000)
 ParOldGen       total 332800K, used 169362K [0x00000006c0000000, 0x00000006d4500000, 0x000000076ab00000)
  object space 332800K, 50% used [0x00000006c0000000,0x00000006ca564ba8,0x00000006d4500000)
 Metaspace       used 21262K, capacity 22566K, committed 22784K, reserved 1069056K
  class space    used 2951K, capacity 3210K, committed 3328K, reserved 1048576K
}
Event: 9.255 GC heap before
{Heap before GC invocations=9 (full 1):
 PSYoungGen      total 324096K, used 281722K [0x000000076ab00000, 0x0000000789480000, 0x00000007c0000000)
  eden space 232960K, 100% used [0x000000076ab00000,0x0000000778e80000,0x0000000778e80000)
  from space 91136K, 53% used [0x0000000778e80000,0x000000077be1e888,0x000000077e780000)
  to   space 86016K, 0% used [0x0000000784080000,0x0000000784080000,0x0000000789480000)
 ParOldGen       total 332800K, used 169362K [0x00000006c0000000, 0x00000006d4500000, 0x000000076ab00000)
  object space 332800K, 50% used [0x00000006c0000000,0x00000006ca564ba8,0x00000006d4500000)
 Metaspace       used 21360K, capacity 22698K, committed 23040K, reserved 1069056K
  class space    used 2951K, capacity 3210K, committed 3328K, reserved 1048576K
Event: 9.282 GC heap after
Heap after GC invocations=9 (full 1):
 PSYoungGen      total 418816K, used 44988K [0x000000076ab00000, 0x000000078a000000, 0x00000007c0000000)
  eden space 332800K, 0% used [0x000000076ab00000,0x000000076ab00000,0x000000077f000000)
  from space 86016K, 52% used [0x0000000784080000,0x0000000786c6f180,0x0000000789480000)
  to   space 82432K, 0% used [0x000000077f000000,0x000000077f000000,0x0000000784080000)
 ParOldGen       total 332800K, used 169370K [0x00000006c0000000, 0x00000006d4500000, 0x000000076ab00000)
  object space 332800K, 50% used [0x00000006c0000000,0x00000006ca566ba8,0x00000006d4500000)
 Metaspace       used 21360K, capacity 22698K, committed 23040K, reserved 1069056K
  class space    used 2951K, capacity 3210K, committed 3328K, reserved 1048576K
}
Event: 11.258 GC heap before
{Heap before GC invocations=10 (full 1):
 PSYoungGen      total 418816K, used 377788K [0x000000076ab00000, 0x000000078a000000, 0x00000007c0000000)
  eden space 332800K, 100% used [0x000000076ab00000,0x000000077f000000,0x000000077f000000)
  from space 86016K, 52% used [0x0000000784080000,0x0000000786c6f180,0x0000000789480000)
  to   space 82432K, 0% used [0x000000077f000000,0x000000077f000000,0x0000000784080000)
 ParOldGen       total 332800K, used 169370K [0x00000006c0000000, 0x00000006d4500000, 0x000000076ab00000)
  object space 332800K, 50% used [0x00000006c0000000,0x00000006ca566ba8,0x00000006d4500000)
 Metaspace       used 21452K, capacity 22830K, committed 23040K, reserved 1069056K
  class space    used 2951K, capacity 3210K, committed 3328K, reserved 1048576K
Event: 11.293 GC heap after
Heap after GC invocations=10 (full 1):
 PSYoungGen      total 415232K, used 82401K [0x000000076ab00000, 0x000000078fb80000, 0x00000007c0000000)
  eden space 332800K, 0% used [0x000000076ab00000,0x000000076ab00000,0x000000077f000000)
  from space 82432K, 99% used [0x000000077f000000,0x00000007840786d0,0x0000000784080000)
  to   space 93184K, 0% used [0x000000078a080000,0x000000078a080000,0x000000078fb80000)
 ParOldGen       total 332800K, used 171891K [0x00000006c0000000, 0x00000006d4500000, 0x000000076ab00000)
  object space 332800K, 51% used [0x00000006c0000000,0x00000006ca7dcc08,0x00000006d4500000)
 Metaspace       used 21452K, capacity 22830K, committed 23040K, reserved 1069056K
  class space    used 2951K, capacity 3210K, committed 3328K, reserved 1048576K
}
Event: 17.881 GC heap before
{Heap before GC invocations=11 (full 1):
 PSYoungGen      total 415232K, used 415201K [0x000000076ab00000, 0x000000078fb80000, 0x00000007c0000000)
  eden space 332800K, 100% used [0x000000076ab00000,0x000000077f000000,0x000000077f000000)
  from space 82432K, 99% used [0x000000077f000000,0x00000007840786d0,0x0000000784080000)
  to   space 93184K, 0% used [0x000000078a080000,0x000000078a080000,0x000000078fb80000)
 ParOldGen       total 332800K, used 171891K [0x00000006c0000000, 0x00000006d4500000, 0x000000076ab00000)
  object space 332800K, 51% used [0x00000006c0000000,0x00000006ca7dcc08,0x00000006d4500000)
 Metaspace       used 21581K, capacity 22902K, committed 23040K, reserved 1069056K
  class space    used 2954K, capacity 3212K, committed 3328K, reserved 1048576K
Event: 17.918 GC heap after
Heap after GC invocations=11 (full 1):
 PSYoungGen      total 480768K, used 52310K [0x000000076ab00000, 0x000000078e800000, 0x00000007c0000000)
  eden space 407552K, 0% used [0x000000076ab00000,0x000000076ab00000,0x0000000783900000)
  from space 73216K, 71% used [0x000000078a080000,0x000000078d395b08,0x000000078e800000)
  to   space 89600K, 0% used [0x0000000783900000,0x0000000783900000,0x0000000789080000)
 ParOldGen       total 332800K, used 186329K [0x00000006c0000000, 0x00000006d4500000, 0x000000076ab00000)
  object space 332800K, 55% used [0x00000006c0000000,0x00000006cb5f66b0,0x00000006d4500000)
 Metaspace       used 21581K, capacity 22902K, committed 23040K, reserved 1069056K
  class space    used 2954K, capacity 3212K, committed 3328K, reserved 1048576K
}

