# JRE version: Java(TM) SE Runtime Environment (8.0_31-b13) (build 1.8.0_31-b13)
# Java VM: Java HotSpot(TM) 64-Bit Server VM (25.31-b07 mixed mode bsd-amd64 compressed oops)
Heap:
 PSYoungGen      total 411136K, used 123266K [0x000000076ab00000, 0x0000000790c80000, 0x00000007c0000000)
  eden space 310784K, 7% used [0x000000076ab00000,0x000000076c1862f0,0x000000077da80000)
  from space 100352K, 99% used [0x000000078aa80000,0x0000000790c5a798,0x0000000790c80000)
  to   space 154112K, 0% used [0x000000077df80000,0x000000077df80000,0x0000000787600000)
 ParOldGen       total 498176K, used 266420K [0x00000006c0000000, 0x00000006de680000, 0x000000076ab00000)
  object space 498176K, 53% used [0x00000006c0000000,0x00000006d042d260,0x00000006de680000)
 Metaspace       used 20697K, capacity 22026K, committed 22144K, reserved 1069056K
  class space    used 2936K, capacity 3178K, committed 3200K, reserved 1048576K
GC Heap History (10 events):
Event: 4.822 GC heap before
{Heap before GC invocations=6 (full 1):
 PSYoungGen      total 141824K, used 10722K [0x000000076ab00000, 0x0000000786300000, 0x00000007c0000000)
  eden space 131072K, 0% used [0x000000076ab00000,0x000000076ab00000,0x0000000772b00000)
  from space 10752K, 99% used [0x0000000772b00000,0x00000007735789b0,0x0000000773580000)
  to   space 94208K, 0% used [0x0000000780700000,0x0000000780700000,0x0000000786300000)
 ParOldGen       total 190464K, used 190082K [0x00000006c0000000, 0x00000006cba00000, 0x000000076ab00000)
  object space 190464K, 99% used [0x00000006c0000000,0x00000006cb9a0bf8,0x00000006cba00000)
 Metaspace       used 19878K, capacity 21176K, committed 21296K, reserved 1067008K
  class space    used 2891K, capacity 3151K, committed 3200K, reserved 1048576K
Event: 5.168 GC heap after
Heap after GC invocations=6 (full 1):
 PSYoungGen      total 141824K, used 0K [0x000000076ab00000, 0x0000000786300000, 0x00000007c0000000)
  eden space 131072K, 0% used [0x000000076ab00000,0x000000076ab00000,0x0000000772b00000)
  from space 10752K, 0% used [0x0000000772b00000,0x0000000772b00000,0x0000000773580000)
  to   space 94208K, 0% used [0x0000000780700000,0x0000000780700000,0x0000000786300000)
 ParOldGen       total 346112K, used 178473K [0x00000006c0000000, 0x00000006d5200000, 0x000000076ab00000)
  object space 346112K, 51% used [0x00000006c0000000,0x00000006cae4a728,0x00000006d5200000)
 Metaspace       used 19877K, capacity 21174K, committed 21296K, reserved 1067008K
  class space    used 2891K, capacity 3150K, committed 3200K, reserved 1048576K
}
Event: 5.237 GC heap before
{Heap before GC invocations=7 (full 1):
 PSYoungGen      total 141824K, used 131072K [0x000000076ab00000, 0x0000000786300000, 0x00000007c0000000)
  eden space 131072K, 100% used [0x000000076ab00000,0x0000000772b00000,0x0000000772b00000)
  from space 10752K, 0% used [0x0000000772b00000,0x0000000772b00000,0x0000000773580000)
  to   space 94208K, 0% used [0x0000000780700000,0x0000000780700000,0x0000000786300000)
 ParOldGen       total 346112K, used 178473K [0x00000006c0000000, 0x00000006d5200000, 0x000000076ab00000)
  object space 346112K, 51% used [0x00000006c0000000,0x00000006cae4a728,0x00000006d5200000)
 Metaspace       used 19877K, capacity 21174K, committed 21296K, reserved 1067008K
  class space    used 2891K, capacity 3150K, committed 3200K, reserved 1048576K
Event: 5.272 GC heap after
Heap after GC invocations=7 (full 1):
 PSYoungGen      total 282624K, used 60809K [0x000000076ab00000, 0x0000000784280000, 0x00000007c0000000)
  eden space 221696K, 0% used [0x000000076ab00000,0x000000076ab00000,0x0000000778380000)
  from space 60928K, 99% used [0x0000000780700000,0x0000000784262798,0x0000000784280000)
  to   space 93696K, 0% used [0x0000000778b80000,0x0000000778b80000,0x000000077e700000)
 ParOldGen       total 346112K, used 178473K [0x00000006c0000000, 0x00000006d5200000, 0x000000076ab00000)
  object space 346112K, 51% used [0x00000006c0000000,0x00000006cae4a728,0x00000006d5200000)
 Metaspace       used 19877K, capacity 21174K, committed 21296K, reserved 1067008K
  class space    used 2891K, capacity 3150K, committed 3200K, reserved 1048576K
}
Event: 5.871 GC heap before
{Heap before GC invocations=8 (full 1):
 PSYoungGen      total 282624K, used 282505K [0x000000076ab00000, 0x0000000784280000, 0x00000007c0000000)
  eden space 221696K, 100% used [0x000000076ab00000,0x0000000778380000,0x0000000778380000)
  from space 60928K, 99% used [0x0000000780700000,0x0000000784262798,0x0000000784280000)
  to   space 93696K, 0% used [0x0000000778b80000,0x0000000778b80000,0x000000077e700000)
 ParOldGen       total 346112K, used 178473K [0x00000006c0000000, 0x00000006d5200000, 0x000000076ab00000)
  object space 346112K, 51% used [0x00000006c0000000,0x00000006cae4a728,0x00000006d5200000)
 Metaspace       used 19879K, capacity 21174K, committed 21296K, reserved 1067008K
  class space    used 2891K, capacity 3150K, committed 3200K, reserved 1048576K
Event: 5.966 GC heap after
Heap after GC invocations=8 (full 1):
 PSYoungGen      total 323584K, used 93675K [0x000000076ab00000, 0x0000000793d00000, 0x00000007c0000000)
  eden space 229888K, 0% used [0x000000076ab00000,0x000000076ab00000,0x0000000778b80000)
  from space 93696K, 99% used [0x0000000778b80000,0x000000077e6fae40,0x000000077e700000)
  to   space 150016K, 0% used [0x000000078aa80000,0x000000078aa80000,0x0000000793d00000)
 ParOldGen       total 346112K, used 259521K [0x00000006c0000000, 0x00000006d5200000, 0x000000076ab00000)
  object space 346112K, 74% used [0x00000006c0000000,0x00000006cfd70758,0x00000006d5200000)
 Metaspace       used 19879K, capacity 21174K, committed 21296K, reserved 1067008K
  class space    used 2891K, capacity 3150K, committed 3200K, reserved 1048576K
}
Event: 5.966 GC heap before
{Heap before GC invocations=9 (full 2):
 PSYoungGen      total 323584K, used 93675K [0x000000076ab00000, 0x0000000793d00000, 0x00000007c0000000)
  eden space 229888K, 0% used [0x000000076ab00000,0x000000076ab00000,0x0000000778b80000)
  from space 93696K, 99% used [0x0000000778b80000,0x000000077e6fae40,0x000000077e700000)
  to   space 150016K, 0% used [0x000000078aa80000,0x000000078aa80000,0x0000000793d00000)
 ParOldGen       total 346112K, used 259521K [0x00000006c0000000, 0x00000006d5200000, 0x000000076ab00000)
  object space 346112K, 74% used [0x00000006c0000000,0x00000006cfd70758,0x00000006d5200000)
 Metaspace       used 19879K, capacity 21174K, committed 21296K, reserved 1067008K
  class space    used 2891K, capacity 3150K, committed 3200K, reserved 1048576K
Event: 6.513 GC heap after
Heap after GC invocations=9 (full 2):
 PSYoungGen      total 323584K, used 0K [0x000000076ab00000, 0x0000000793d00000, 0x00000007c0000000)
  eden space 229888K, 0% used [0x000000076ab00000,0x000000076ab00000,0x0000000778b80000)
  from space 93696K, 0% used [0x0000000778b80000,0x0000000778b80000,0x000000077e700000)
  to   space 150016K, 0% used [0x000000078aa80000,0x000000078aa80000,0x0000000793d00000)
 ParOldGen       total 498176K, used 266420K [0x00000006c0000000, 0x00000006de680000, 0x000000076ab00000)
  object space 498176K, 53% used [0x00000006c0000000,0x00000006d042d260,0x00000006de680000)
 Metaspace       used 19879K, capacity 21174K, committed 21296K, reserved 1067008K
  class space    used 2891K, capacity 3150K, committed 3200K, reserved 1048576K
}
Event: 6.706 GC heap before
{Heap before GC invocations=10 (full 2):
 PSYoungGen      total 323584K, used 229888K [0x000000076ab00000, 0x0000000793d00000, 0x00000007c0000000)
  eden space 229888K, 100% used [0x000000076ab00000,0x0000000778b80000,0x0000000778b80000)
  from space 93696K, 0% used [0x0000000778b80000,0x0000000778b80000,0x000000077e700000)
  to   space 150016K, 0% used [0x000000078aa80000,0x000000078aa80000,0x0000000793d00000)
 ParOldGen       total 498176K, used 266420K [0x00000006c0000000, 0x00000006de680000, 0x000000076ab00000)
  object space 498176K, 53% used [0x00000006c0000000,0x00000006d042d260,0x00000006de680000)
 Metaspace       used 19953K, capacity 21288K, committed 21552K, reserved 1067008K
  class space    used 2901K, capacity 3159K, committed 3200K, reserved 1048576K
Event: 6.765 GC heap after
Heap after GC invocations=10 (full 2):
 PSYoungGen      total 411136K, used 100201K [0x000000076ab00000, 0x0000000790c80000, 0x00000007c0000000)
  eden space 310784K, 0% used [0x000000076ab00000,0x000000076ab00000,0x000000077da80000)
  from space 100352K, 99% used [0x000000078aa80000,0x0000000790c5a798,0x0000000790c80000)
  to   space 154112K, 0% used [0x000000077df80000,0x000000077df80000,0x0000000787600000)
 ParOldGen       total 498176K, used 266420K [0x00000006c0000000, 0x00000006de680000, 0x000000076ab00000)
  object space 498176K, 53% used [0x00000006c0000000,0x00000006d042d260,0x00000006de680000)
 Metaspace       used 19953K, capacity 21288K, committed 21552K, reserved 1067008K
  class space    used 2901K, capacity 3159K, committed 3200K, reserved 1048576K
}

