# JRE version: Java(TM) SE Runtime Environment (8.0_31-b13) (build 1.8.0_31-b13)
# Java VM: Java HotSpot(TM) 64-Bit Server VM (25.31-b07 mixed mode bsd-amd64 compressed oops)
Heap:
 PSYoungGen      total 367104K, used 156408K [0x000000076ab00000, 0x000000078f880000, 0x00000007c0000000)
  eden space 218112K, 4% used [0x000000076ab00000,0x000000076b42b5f8,0x0000000778000000)
  from space 148992K, 98% used [0x0000000778000000,0x0000000780f92b00,0x0000000781180000)
  to   space 173568K, 0% used [0x0000000784f00000,0x0000000784f00000,0x000000078f880000)
 ParOldGen       total 481280K, used 248966K [0x00000006c0000000, 0x00000006dd600000, 0x000000076ab00000)
  object space 481280K, 51% used [0x00000006c0000000,0x00000006cf321838,0x00000006dd600000)
 Metaspace       used 20574K, capacity 21868K, committed 22144K, reserved 1069056K
  class space    used 2926K, capacity 3173K, committed 3200K, reserved 1048576K
GC Heap History (10 events):
Event: 20.020 GC heap before
{Heap before GC invocations=8 (full 2):
 PSYoungGen      total 139264K, used 139250K [0x000000076ab00000, 0x000000077fc00000, 0x00000007c0000000)
  eden space 128512K, 100% used [0x000000076ab00000,0x0000000772880000,0x0000000772880000)
  from space 10752K, 99% used [0x0000000772880000,0x00000007732fc880,0x0000000773300000)
  to   space 86016K, 0% used [0x000000077a800000,0x000000077a800000,0x000000077fc00000)
 ParOldGen       total 249344K, used 151209K [0x00000006c0000000, 0x00000006cf380000, 0x000000076ab00000)
  object space 249344K, 60% used [0x00000006c0000000,0x00000006c93aa518,0x00000006cf380000)
 Metaspace       used 19993K, capacity 21238K, committed 21552K, reserved 1067008K
  class space    used 2892K, capacity 3150K, committed 3200K, reserved 1048576K
Event: 20.059 GC heap after
Heap after GC invocations=8 (full 2):
 PSYoungGen      total 246784K, used 74187K [0x000000076ab00000, 0x0000000781e00000, 0x00000007c0000000)
  eden space 160768K, 0% used [0x000000076ab00000,0x000000076ab00000,0x0000000774800000)
  from space 86016K, 86% used [0x000000077a800000,0x000000077f072e68,0x000000077fc00000)
  to   space 98304K, 0% used [0x0000000774800000,0x0000000774800000,0x000000077a800000)
 ParOldGen       total 249344K, used 151209K [0x00000006c0000000, 0x00000006cf380000, 0x000000076ab00000)
  object space 249344K, 60% used [0x00000006c0000000,0x00000006c93aa518,0x00000006cf380000)
 Metaspace       used 19993K, capacity 21238K, committed 21552K, reserved 1067008K
  class space    used 2892K, capacity 3150K, committed 3200K, reserved 1048576K
}
Event: 20.287 GC heap before
{Heap before GC invocations=9 (full 2):
 PSYoungGen      total 246784K, used 234955K [0x000000076ab00000, 0x0000000781e00000, 0x00000007c0000000)
  eden space 160768K, 100% used [0x000000076ab00000,0x0000000774800000,0x0000000774800000)
  from space 86016K, 86% used [0x000000077a800000,0x000000077f072e68,0x000000077fc00000)
  to   space 98304K, 0% used [0x0000000774800000,0x0000000774800000,0x000000077a800000)
 ParOldGen       total 249344K, used 151209K [0x00000006c0000000, 0x00000006cf380000, 0x000000076ab00000)
  object space 249344K, 60% used [0x00000006c0000000,0x00000006c93aa518,0x00000006cf380000)
 Metaspace       used 19994K, capacity 21238K, committed 21552K, reserved 1067008K
  class space    used 2892K, capacity 3150K, committed 3200K, reserved 1048576K
Event: 20.367 GC heap after
Heap after GC invocations=9 (full 2):
 PSYoungGen      total 259072K, used 98276K [0x000000076ab00000, 0x000000078a880000, 0x00000007c0000000)
  eden space 160768K, 0% used [0x000000076ab00000,0x000000076ab00000,0x0000000774800000)
  from space 98304K, 99% used [0x0000000774800000,0x000000077a7f9388,0x000000077a800000)
  to   space 141824K, 0% used [0x0000000781e00000,0x0000000781e00000,0x000000078a880000)
 ParOldGen       total 249344K, used 199105K [0x00000006c0000000, 0x00000006cf380000, 0x000000076ab00000)
  object space 249344K, 79% used [0x00000006c0000000,0x00000006cc270548,0x00000006cf380000)
 Metaspace       used 19994K, capacity 21238K, committed 21552K, reserved 1067008K
  class space    used 2892K, capacity 3150K, committed 3200K, reserved 1048576K
}
Event: 20.367 GC heap before
{Heap before GC invocations=10 (full 3):
 PSYoungGen      total 259072K, used 98276K [0x000000076ab00000, 0x000000078a880000, 0x00000007c0000000)
  eden space 160768K, 0% used [0x000000076ab00000,0x000000076ab00000,0x0000000774800000)
  from space 98304K, 99% used [0x0000000774800000,0x000000077a7f9388,0x000000077a800000)
  to   space 141824K, 0% used [0x0000000781e00000,0x0000000781e00000,0x000000078a880000)
 ParOldGen       total 249344K, used 199105K [0x00000006c0000000, 0x00000006cf380000, 0x000000076ab00000)
  object space 249344K, 79% used [0x00000006c0000000,0x00000006cc270548,0x00000006cf380000)
 Metaspace       used 19994K, capacity 21238K, committed 21552K, reserved 1067008K
  class space    used 2892K, capacity 3150K, committed 3200K, reserved 1048576K
Event: 20.936 GC heap after
Heap after GC invocations=10 (full 3):
 PSYoungGen      total 259072K, used 5599K [0x000000076ab00000, 0x000000078a880000, 0x00000007c0000000)
  eden space 160768K, 0% used [0x000000076ab00000,0x000000076ab00000,0x0000000774800000)
  from space 98304K, 5% used [0x0000000774800000,0x0000000774d77e00,0x000000077a800000)
  to   space 141824K, 0% used [0x0000000781e00000,0x0000000781e00000,0x000000078a880000)
 ParOldGen       total 481280K, used 248958K [0x00000006c0000000, 0x00000006dd600000, 0x000000076ab00000)
  object space 481280K, 51% used [0x00000006c0000000,0x00000006cf31f838,0x00000006dd600000)
 Metaspace       used 19994K, capacity 21238K, committed 21552K, reserved 1067008K
  class space    used 2892K, capacity 3150K, committed 3200K, reserved 1048576K
}
Event: 21.343 GC heap before
{Heap before GC invocations=11 (full 3):
 PSYoungGen      total 259072K, used 166367K [0x000000076ab00000, 0x000000078a880000, 0x00000007c0000000)
  eden space 160768K, 100% used [0x000000076ab00000,0x0000000774800000,0x0000000774800000)
  from space 98304K, 5% used [0x0000000774800000,0x0000000774d77e00,0x000000077a800000)
  to   space 141824K, 0% used [0x0000000781e00000,0x0000000781e00000,0x000000078a880000)
 ParOldGen       total 481280K, used 248958K [0x00000006c0000000, 0x00000006dd600000, 0x000000076ab00000)
  object space 481280K, 51% used [0x00000006c0000000,0x00000006cf31f838,0x00000006dd600000)
 Metaspace       used 19994K, capacity 21238K, committed 21552K, reserved 1067008K
  class space    used 2893K, capacity 3150K, committed 3200K, reserved 1048576K
Event: 21.415 GC heap after
Heap after GC invocations=11 (full 3):
 PSYoungGen      total 354304K, used 97860K [0x000000076ab00000, 0x000000078a300000, 0x00000007c0000000)
  eden space 218112K, 0% used [0x000000076ab00000,0x000000076ab00000,0x0000000778000000)
  from space 136192K, 71% used [0x0000000781e00000,0x0000000787d91020,0x000000078a300000)
  to   space 148992K, 0% used [0x0000000778000000,0x0000000778000000,0x0000000781180000)
 ParOldGen       total 481280K, used 248958K [0x00000006c0000000, 0x00000006dd600000, 0x000000076ab00000)
  object space 481280K, 51% used [0x00000006c0000000,0x00000006cf31f838,0x00000006dd600000)
 Metaspace       used 19994K, capacity 21238K, committed 21552K, reserved 1067008K
  class space    used 2893K, capacity 3150K, committed 3200K, reserved 1048576K
}
Event: 132.692 GC heap before
{Heap before GC invocations=12 (full 3):
 PSYoungGen      total 354304K, used 315972K [0x000000076ab00000, 0x000000078a300000, 0x00000007c0000000)
  eden space 218112K, 100% used [0x000000076ab00000,0x0000000778000000,0x0000000778000000)
  from space 136192K, 71% used [0x0000000781e00000,0x0000000787d91020,0x000000078a300000)
  to   space 148992K, 0% used [0x0000000778000000,0x0000000778000000,0x0000000781180000)
 ParOldGen       total 481280K, used 248958K [0x00000006c0000000, 0x00000006dd600000, 0x000000076ab00000)
  object space 481280K, 51% used [0x00000006c0000000,0x00000006cf31f838,0x00000006dd600000)
 Metaspace       used 20528K, capacity 21832K, committed 21888K, reserved 1069056K
  class space    used 2918K, capacity 3165K, committed 3200K, reserved 1048576K
Event: 132.764 GC heap after
Heap after GC invocations=12 (full 3):
 PSYoungGen      total 367104K, used 147018K [0x000000076ab00000, 0x000000078f880000, 0x00000007c0000000)
  eden space 218112K, 0% used [0x000000076ab00000,0x000000076ab00000,0x0000000778000000)
  from space 148992K, 98% used [0x0000000778000000,0x0000000780f92b00,0x0000000781180000)
  to   space 173568K, 0% used [0x0000000784f00000,0x0000000784f00000,0x000000078f880000)
 ParOldGen       total 481280K, used 248966K [0x00000006c0000000, 0x00000006dd600000, 0x000000076ab00000)
  object space 481280K, 51% used [0x00000006c0000000,0x00000006cf321838,0x00000006dd600000)
 Metaspace       used 20528K, capacity 21832K, committed 21888K, reserved 1069056K
  class space    used 2918K, capacity 3165K, committed 3200K, reserved 1048576K
}

