# JRE version: Java(TM) SE Runtime Environment (8.0_31-b13) (build 1.8.0_31-b13)
# Java VM: Java HotSpot(TM) 64-Bit Server VM (25.31-b07 mixed mode bsd-amd64 compressed oops)
Heap:
 PSYoungGen      total 288256K, used 118338K [0x000000076ab00000, 0x0000000783f00000, 0x00000007c0000000)
  eden space 218112K, 22% used [0x000000076ab00000,0x000000076da20188,0x0000000778000000)
  from space 70144K, 99% used [0x000000077fa80000,0x0000000783ef0a38,0x0000000783f00000)
  to   space 89600K, 0% used [0x0000000779000000,0x0000000779000000,0x000000077e780000)
 ParOldGen       total 261120K, used 106173K [0x00000006c0000000, 0x00000006cff00000, 0x000000076ab00000)
  object space 261120K, 40% used [0x00000006c0000000,0x00000006c67af4a8,0x00000006cff00000)
 Metaspace       used 20992K, capacity 22334K, committed 22528K, reserved 1069056K
  class space    used 2952K, capacity 3214K, committed 3328K, reserved 1048576K
GC Heap History (10 events):
Event: 3.175 GC heap before
{Heap before GC invocations=3 (full 0):
 PSYoungGen      total 76288K, used 76278K [0x000000076ab00000, 0x0000000774000000, 0x00000007c0000000)
  eden space 65536K, 100% used [0x000000076ab00000,0x000000076eb00000,0x000000076eb00000)
  from space 10752K, 99% used [0x000000076f580000,0x000000076fffdb48,0x0000000770000000)
  to   space 10752K, 0% used [0x000000076eb00000,0x000000076eb00000,0x000000076f580000)
 ParOldGen       total 175104K, used 40806K [0x00000006c0000000, 0x00000006cab00000, 0x000000076ab00000)
  object space 175104K, 23% used [0x00000006c0000000,0x00000006c27d9838,0x00000006cab00000)
 Metaspace       used 19840K, capacity 21126K, committed 21296K, reserved 1067008K
  class space    used 2899K, capacity 3156K, committed 3200K, reserved 1048576K
Event: 3.205 GC heap after
Heap after GC invocations=3 (full 0):
 PSYoungGen      total 76288K, used 10740K [0x000000076ab00000, 0x0000000774000000, 0x00000007c0000000)
  eden space 65536K, 0% used [0x000000076ab00000,0x000000076ab00000,0x000000076eb00000)
  from space 10752K, 99% used [0x000000076eb00000,0x000000076f57d190,0x000000076f580000)
  to   space 10752K, 0% used [0x0000000773580000,0x0000000773580000,0x0000000774000000)
 ParOldGen       total 175104K, used 79166K [0x00000006c0000000, 0x00000006cab00000, 0x000000076ab00000)
  object space 175104K, 45% used [0x00000006c0000000,0x00000006c4d4f868,0x00000006cab00000)
 Metaspace       used 19840K, capacity 21126K, committed 21296K, reserved 1067008K
  class space    used 2899K, capacity 3156K, committed 3200K, reserved 1048576K
}
Event: 3.238 GC heap before
{Heap before GC invocations=4 (full 0):
 PSYoungGen      total 76288K, used 76276K [0x000000076ab00000, 0x0000000774000000, 0x00000007c0000000)
  eden space 65536K, 100% used [0x000000076ab00000,0x000000076eb00000,0x000000076eb00000)
  from space 10752K, 99% used [0x000000076eb00000,0x000000076f57d190,0x000000076f580000)
  to   space 10752K, 0% used [0x0000000773580000,0x0000000773580000,0x0000000774000000)
 ParOldGen       total 175104K, used 79166K [0x00000006c0000000, 0x00000006cab00000, 0x000000076ab00000)
  object space 175104K, 45% used [0x00000006c0000000,0x00000006c4d4f868,0x00000006cab00000)
 Metaspace       used 19842K, capacity 21126K, committed 21296K, reserved 1067008K
  class space    used 2899K, capacity 3156K, committed 3200K, reserved 1048576K
Event: 3.264 GC heap after
Heap after GC invocations=4 (full 0):
 PSYoungGen      total 141824K, used 10730K [0x000000076ab00000, 0x0000000774000000, 0x00000007c0000000)
  eden space 131072K, 0% used [0x000000076ab00000,0x000000076ab00000,0x0000000772b00000)
  from space 10752K, 99% used [0x0000000773580000,0x0000000773ffa910,0x0000000774000000)
  to   space 10752K, 0% used [0x0000000772b00000,0x0000000772b00000,0x0000000773580000)
 ParOldGen       total 175104K, used 110974K [0x00000006c0000000, 0x00000006cab00000, 0x000000076ab00000)
  object space 175104K, 63% used [0x00000006c0000000,0x00000006c6c5f868,0x00000006cab00000)
 Metaspace       used 19842K, capacity 21126K, committed 21296K, reserved 1067008K
  class space    used 2899K, capacity 3156K, committed 3200K, reserved 1048576K
}
Event: 3.469 GC heap before
{Heap before GC invocations=5 (full 0):
 PSYoungGen      total 141824K, used 141802K [0x000000076ab00000, 0x0000000774000000, 0x00000007c0000000)
  eden space 131072K, 100% used [0x000000076ab00000,0x0000000772b00000,0x0000000772b00000)
  from space 10752K, 99% used [0x0000000773580000,0x0000000773ffa910,0x0000000774000000)
  to   space 10752K, 0% used [0x0000000772b00000,0x0000000772b00000,0x0000000773580000)
 ParOldGen       total 175104K, used 110974K [0x00000006c0000000, 0x00000006cab00000, 0x000000076ab00000)
  object space 175104K, 63% used [0x00000006c0000000,0x00000006c6c5f868,0x00000006cab00000)
 Metaspace       used 19855K, capacity 21126K, committed 21296K, reserved 1067008K
  class space    used 2901K, capacity 3156K, committed 3200K, reserved 1048576K
Event: 3.515 GC heap after
Heap after GC invocations=5 (full 0):
 PSYoungGen      total 141824K, used 10744K [0x000000076ab00000, 0x0000000784a00000, 0x00000007c0000000)
  eden space 131072K, 0% used [0x000000076ab00000,0x000000076ab00000,0x0000000772b00000)
  from space 10752K, 99% used [0x0000000772b00000,0x000000077357e218,0x0000000773580000)
  to   space 81408K, 0% used [0x000000077fa80000,0x000000077fa80000,0x0000000784a00000)
 ParOldGen       total 175104K, used 173929K [0x00000006c0000000, 0x00000006cab00000, 0x000000076ab00000)
  object space 175104K, 99% used [0x00000006c0000000,0x00000006ca9da518,0x00000006cab00000)
 Metaspace       used 19855K, capacity 21126K, committed 21296K, reserved 1067008K
  class space    used 2901K, capacity 3156K, committed 3200K, reserved 1048576K
}
Event: 3.515 GC heap before
{Heap before GC invocations=6 (full 1):
 PSYoungGen      total 141824K, used 10744K [0x000000076ab00000, 0x0000000784a00000, 0x00000007c0000000)
  eden space 131072K, 0% used [0x000000076ab00000,0x000000076ab00000,0x0000000772b00000)
  from space 10752K, 99% used [0x0000000772b00000,0x000000077357e218,0x0000000773580000)
  to   space 81408K, 0% used [0x000000077fa80000,0x000000077fa80000,0x0000000784a00000)
 ParOldGen       total 175104K, used 173929K [0x00000006c0000000, 0x00000006cab00000, 0x000000076ab00000)
  object space 175104K, 99% used [0x00000006c0000000,0x00000006ca9da518,0x00000006cab00000)
 Metaspace       used 19855K, capacity 21126K, committed 21296K, reserved 1067008K
  class space    used 2901K, capacity 3156K, committed 3200K, reserved 1048576K
Event: 3.779 GC heap after
Heap after GC invocations=6 (full 1):
 PSYoungGen      total 141824K, used 0K [0x000000076ab00000, 0x0000000784a00000, 0x00000007c0000000)
  eden space 131072K, 0% used [0x000000076ab00000,0x000000076ab00000,0x0000000772b00000)
  from space 10752K, 0% used [0x0000000772b00000,0x0000000772b00000,0x0000000773580000)
  to   space 81408K, 0% used [0x000000077fa80000,0x000000077fa80000,0x0000000784a00000)
 ParOldGen       total 261120K, used 106165K [0x00000006c0000000, 0x00000006cff00000, 0x000000076ab00000)
  object space 261120K, 40% used [0x00000006c0000000,0x00000006c67ad4a8,0x00000006cff00000)
 Metaspace       used 19853K, capacity 21124K, committed 21296K, reserved 1067008K
  class space    used 2900K, capacity 3155K, committed 3200K, reserved 1048576K
}
Event: 6.837 GC heap before
{Heap before GC invocations=7 (full 1):
 PSYoungGen      total 141824K, used 131072K [0x000000076ab00000, 0x0000000784a00000, 0x00000007c0000000)
  eden space 131072K, 100% used [0x000000076ab00000,0x0000000772b00000,0x0000000772b00000)
  from space 10752K, 0% used [0x0000000772b00000,0x0000000772b00000,0x0000000773580000)
  to   space 81408K, 0% used [0x000000077fa80000,0x000000077fa80000,0x0000000784a00000)
 ParOldGen       total 261120K, used 106165K [0x00000006c0000000, 0x00000006cff00000, 0x000000076ab00000)
  object space 261120K, 40% used [0x00000006c0000000,0x00000006c67ad4a8,0x00000006cff00000)
 Metaspace       used 20688K, capacity 22026K, committed 22272K, reserved 1069056K
  class space    used 2937K, capacity 3204K, committed 3328K, reserved 1048576K
Event: 6.876 GC heap after
Heap after GC invocations=7 (full 1):
 PSYoungGen      total 288256K, used 70082K [0x000000076ab00000, 0x0000000783f00000, 0x00000007c0000000)
  eden space 218112K, 0% used [0x000000076ab00000,0x000000076ab00000,0x0000000778000000)
  from space 70144K, 99% used [0x000000077fa80000,0x0000000783ef0a38,0x0000000783f00000)
  to   space 89600K, 0% used [0x0000000779000000,0x0000000779000000,0x000000077e780000)
 ParOldGen       total 261120K, used 106173K [0x00000006c0000000, 0x00000006cff00000, 0x000000076ab00000)
  object space 261120K, 40% used [0x00000006c0000000,0x00000006c67af4a8,0x00000006cff00000)
 Metaspace       used 20688K, capacity 22026K, committed 22272K, reserved 1069056K
  class space    used 2937K, capacity 3204K, committed 3328K, reserved 1048576K
}

