# JRE version: Java(TM) SE Runtime Environment (8.0_31-b13) (build 1.8.0_31-b13)
# Java VM: Java HotSpot(TM) 64-Bit Server VM (25.31-b07 mixed mode bsd-amd64 compressed oops)
Heap:
 PSYoungGen      total 268288K, used 243178K [0x000000076ab00000, 0x0000000784380000, 0x00000007c0000000)
  eden space 207360K, 87% used [0x000000076ab00000,0x0000000775d10278,0x0000000777580000)
  from space 60928K, 99% used [0x0000000780800000,0x000000078436a798,0x0000000784380000)
  to   space 94720K, 0% used [0x0000000778a80000,0x0000000778a80000,0x000000077e700000)
 ParOldGen       total 355328K, used 179990K [0x00000006c0000000, 0x00000006d5b00000, 0x000000076ab00000)
  object space 355328K, 50% used [0x00000006c0000000,0x00000006cafc5878,0x00000006d5b00000)
 Metaspace       used 20923K, capacity 22332K, committed 22528K, reserved 1069056K
  class space    used 2948K, capacity 3215K, committed 3328K, reserved 1048576K
GC Heap History (10 events):
Event: 2.584 GC heap before
{Heap before GC invocations=3 (full 0):
 PSYoungGen      total 76288K, used 76281K [0x000000076ab00000, 0x0000000774000000, 0x00000007c0000000)
  eden space 65536K, 100% used [0x000000076ab00000,0x000000076eb00000,0x000000076eb00000)
  from space 10752K, 99% used [0x000000076f580000,0x000000076fffe418,0x0000000770000000)
  to   space 10752K, 0% used [0x000000076eb00000,0x000000076eb00000,0x000000076f580000)
 ParOldGen       total 175104K, used 37542K [0x00000006c0000000, 0x00000006cab00000, 0x000000076ab00000)
  object space 175104K, 21% used [0x00000006c0000000,0x00000006c24a98a8,0x00000006cab00000)
 Metaspace       used 19883K, capacity 21176K, committed 21296K, reserved 1067008K
  class space    used 2894K, capacity 3151K, committed 3200K, reserved 1048576K
Event: 2.616 GC heap after
Heap after GC invocations=3 (full 0):
 PSYoungGen      total 76288K, used 10722K [0x000000076ab00000, 0x0000000774000000, 0x00000007c0000000)
  eden space 65536K, 0% used [0x000000076ab00000,0x000000076ab00000,0x000000076eb00000)
  from space 10752K, 99% used [0x000000076eb00000,0x000000076f578a88,0x000000076f580000)
  to   space 10752K, 0% used [0x0000000773580000,0x0000000773580000,0x0000000774000000)
 ParOldGen       total 175104K, used 80005K [0x00000006c0000000, 0x00000006cab00000, 0x000000076ab00000)
  object space 175104K, 45% used [0x00000006c0000000,0x00000006c4e21538,0x00000006cab00000)
 Metaspace       used 19883K, capacity 21176K, committed 21296K, reserved 1067008K
  class space    used 2894K, capacity 3151K, committed 3200K, reserved 1048576K
}
Event: 2.648 GC heap before
{Heap before GC invocations=4 (full 0):
 PSYoungGen      total 76288K, used 76258K [0x000000076ab00000, 0x0000000774000000, 0x00000007c0000000)
  eden space 65536K, 100% used [0x000000076ab00000,0x000000076eb00000,0x000000076eb00000)
  from space 10752K, 99% used [0x000000076eb00000,0x000000076f578a88,0x000000076f580000)
  to   space 10752K, 0% used [0x0000000773580000,0x0000000773580000,0x0000000774000000)
 ParOldGen       total 175104K, used 80005K [0x00000006c0000000, 0x00000006cab00000, 0x000000076ab00000)
  object space 175104K, 45% used [0x00000006c0000000,0x00000006c4e21538,0x00000006cab00000)
 Metaspace       used 19883K, capacity 21176K, committed 21296K, reserved 1067008K
  class space    used 2894K, capacity 3151K, committed 3200K, reserved 1048576K
Event: 2.676 GC heap after
Heap after GC invocations=4 (full 0):
 PSYoungGen      total 141824K, used 10728K [0x000000076ab00000, 0x0000000774000000, 0x00000007c0000000)
  eden space 131072K, 0% used [0x000000076ab00000,0x000000076ab00000,0x0000000772b00000)
  from space 10752K, 99% used [0x0000000773580000,0x0000000773ffa238,0x0000000774000000)
  to   space 10752K, 0% used [0x0000000772b00000,0x0000000772b00000,0x0000000773580000)
 ParOldGen       total 175104K, used 111869K [0x00000006c0000000, 0x00000006cab00000, 0x000000076ab00000)
  object space 175104K, 63% used [0x00000006c0000000,0x00000006c6d3f538,0x00000006cab00000)
 Metaspace       used 19883K, capacity 21176K, committed 21296K, reserved 1067008K
  class space    used 2894K, capacity 3151K, committed 3200K, reserved 1048576K
}
Event: 3.062 GC heap before
{Heap before GC invocations=5 (full 0):
 PSYoungGen      total 141824K, used 141800K [0x000000076ab00000, 0x0000000774000000, 0x00000007c0000000)
  eden space 131072K, 100% used [0x000000076ab00000,0x0000000772b00000,0x0000000772b00000)
  from space 10752K, 99% used [0x0000000773580000,0x0000000773ffa238,0x0000000774000000)
  to   space 10752K, 0% used [0x0000000772b00000,0x0000000772b00000,0x0000000773580000)
 ParOldGen       total 175104K, used 111869K [0x00000006c0000000, 0x00000006cab00000, 0x000000076ab00000)
  object space 175104K, 63% used [0x00000006c0000000,0x00000006c6d3f538,0x00000006cab00000)
 Metaspace       used 19889K, capacity 21176K, committed 21296K, reserved 1067008K
  class space    used 2894K, capacity 3151K, committed 3200K, reserved 1048576K
Event: 3.118 GC heap after
Heap after GC invocations=5 (full 0):
 PSYoungGen      total 141824K, used 10738K [0x000000076ab00000, 0x0000000786500000, 0x00000007c0000000)
  eden space 131072K, 0% used [0x000000076ab00000,0x000000076ab00000,0x0000000772b00000)
  from space 10752K, 99% used [0x0000000772b00000,0x000000077357c9d0,0x0000000773580000)
  to   space 95232K, 0% used [0x0000000780800000,0x0000000780800000,0x0000000786500000)
 ParOldGen       total 193024K, used 191083K [0x00000006c0000000, 0x00000006cbc80000, 0x000000076ab00000)
  object space 193024K, 98% used [0x00000006c0000000,0x00000006cba9ac38,0x00000006cbc80000)
 Metaspace       used 19889K, capacity 21176K, committed 21296K, reserved 1067008K
  class space    used 2894K, capacity 3151K, committed 3200K, reserved 1048576K
}
Event: 3.118 GC heap before
{Heap before GC invocations=6 (full 1):
 PSYoungGen      total 141824K, used 10738K [0x000000076ab00000, 0x0000000786500000, 0x00000007c0000000)
  eden space 131072K, 0% used [0x000000076ab00000,0x000000076ab00000,0x0000000772b00000)
  from space 10752K, 99% used [0x0000000772b00000,0x000000077357c9d0,0x0000000773580000)
  to   space 95232K, 0% used [0x0000000780800000,0x0000000780800000,0x0000000786500000)
 ParOldGen       total 193024K, used 191083K [0x00000006c0000000, 0x00000006cbc80000, 0x000000076ab00000)
  object space 193024K, 98% used [0x00000006c0000000,0x00000006cba9ac38,0x00000006cbc80000)
 Metaspace       used 19889K, capacity 21176K, committed 21296K, reserved 1067008K
  class space    used 2894K, capacity 3151K, committed 3200K, reserved 1048576K
Event: 3.482 GC heap after
Heap after GC invocations=6 (full 1):
 PSYoungGen      total 141824K, used 0K [0x000000076ab00000, 0x0000000786500000, 0x00000007c0000000)
  eden space 131072K, 0% used [0x000000076ab00000,0x000000076ab00000,0x0000000772b00000)
  from space 10752K, 0% used [0x0000000772b00000,0x0000000772b00000,0x0000000773580000)
  to   space 95232K, 0% used [0x0000000780800000,0x0000000780800000,0x0000000786500000)
 ParOldGen       total 355328K, used 179990K [0x00000006c0000000, 0x00000006d5b00000, 0x000000076ab00000)
  object space 355328K, 50% used [0x00000006c0000000,0x00000006cafc5878,0x00000006d5b00000)
 Metaspace       used 19888K, capacity 21174K, committed 21296K, reserved 1067008K
  class space    used 2893K, capacity 3150K, committed 3200K, reserved 1048576K
}
Event: 3.549 GC heap before
{Heap before GC invocations=7 (full 1):
 PSYoungGen      total 141824K, used 131072K [0x000000076ab00000, 0x0000000786500000, 0x00000007c0000000)
  eden space 131072K, 100% used [0x000000076ab00000,0x0000000772b00000,0x0000000772b00000)
  from space 10752K, 0% used [0x0000000772b00000,0x0000000772b00000,0x0000000773580000)
  to   space 95232K, 0% used [0x0000000780800000,0x0000000780800000,0x0000000786500000)
 ParOldGen       total 355328K, used 179990K [0x00000006c0000000, 0x00000006d5b00000, 0x000000076ab00000)
  object space 355328K, 50% used [0x00000006c0000000,0x00000006cafc5878,0x00000006d5b00000)
 Metaspace       used 19888K, capacity 21174K, committed 21296K, reserved 1067008K
  class space    used 2893K, capacity 3150K, committed 3200K, reserved 1048576K
Event: 3.585 GC heap after
Heap after GC invocations=7 (full 1):
 PSYoungGen      total 268288K, used 60841K [0x000000076ab00000, 0x0000000784380000, 0x00000007c0000000)
  eden space 207360K, 0% used [0x000000076ab00000,0x000000076ab00000,0x0000000777580000)
  from space 60928K, 99% used [0x0000000780800000,0x000000078436a798,0x0000000784380000)
  to   space 94720K, 0% used [0x0000000778a80000,0x0000000778a80000,0x000000077e700000)
 ParOldGen       total 355328K, used 179990K [0x00000006c0000000, 0x00000006d5b00000, 0x000000076ab00000)
  object space 355328K, 50% used [0x00000006c0000000,0x00000006cafc5878,0x00000006d5b00000)
 Metaspace       used 19888K, capacity 21174K, committed 21296K, reserved 1067008K
  class space    used 2893K, capacity 3150K, committed 3200K, reserved 1048576K
}

